Determining if the function pcap_setsampling exists failed with the following output:
Change Dir: /home/al/kdd99_feature_extractor/build-files/CMakeFiles/CMakeTmp

Run Build Command:"/usr/bin/make" "cmTC_2098d/fast"
/usr/bin/make -f CMakeFiles/cmTC_2098d.dir/build.make CMakeFiles/cmTC_2098d.dir/build
make[1]: Entering directory '/home/al/kdd99_feature_extractor/build-files/CMakeFiles/CMakeTmp'
Building C object CMakeFiles/cmTC_2098d.dir/CheckFunctionExists.c.o
/usr/bin/cc   -DCHECK_FUNCTION_EXISTS=pcap_setsampling   -o CMakeFiles/cmTC_2098d.dir/CheckFunctionExists.c.o   -c /usr/share/cmake-3.10/Modules/CheckFunctionExists.c
Linking C executable cmTC_2098d
/usr/bin/cmake -E cmake_link_script CMakeFiles/cmTC_2098d.dir/link.txt --verbose=1
/usr/bin/cc  -DCHECK_FUNCTION_EXISTS=pcap_setsampling    -rdynamic CMakeFiles/cmTC_2098d.dir/CheckFunctionExists.c.o  -o cmTC_2098d /usr/lib/x86_64-linux-gnu/libpcap.so 
CMakeFiles/cmTC_2098d.dir/CheckFunctionExists.c.o: In function `main':
CheckFunctionExists.c:(.text+0x10): undefined reference to `pcap_setsampling'
collect2: error: ld returned 1 exit status
CMakeFiles/cmTC_2098d.dir/build.make:98: recipe for target 'cmTC_2098d' failed
make[1]: *** [cmTC_2098d] Error 1
make[1]: Leaving directory '/home/al/kdd99_feature_extractor/build-files/CMakeFiles/CMakeTmp'
Makefile:126: recipe for target 'cmTC_2098d/fast' failed
make: *** [cmTC_2098d/fast] Error 2


Determining if the function pcap_open exists failed with the following output:
Change Dir: /home/al/kdd99_feature_extractor/build-files/CMakeFiles/CMakeTmp

Run Build Command:"/usr/bin/make" "cmTC_d56e9/fast"
/usr/bin/make -f CMakeFiles/cmTC_d56e9.dir/build.make CMakeFiles/cmTC_d56e9.dir/build
make[1]: Entering directory '/home/al/kdd99_feature_extractor/build-files/CMakeFiles/CMakeTmp'
Building C object CMakeFiles/cmTC_d56e9.dir/CheckFunctionExists.c.o
/usr/bin/cc   -DCHECK_FUNCTION_EXISTS=pcap_open   -o CMakeFiles/cmTC_d56e9.dir/CheckFunctionExists.c.o   -c /usr/share/cmake-3.10/Modules/CheckFunctionExists.c
Linking C executable cmTC_d56e9
/usr/bin/cmake -E cmake_link_script CMakeFiles/cmTC_d56e9.dir/link.txt --verbose=1
/usr/bin/cc  -DCHECK_FUNCTION_EXISTS=pcap_open    -rdynamic CMakeFiles/cmTC_d56e9.dir/CheckFunctionExists.c.o  -o cmTC_d56e9 /usr/lib/x86_64-linux-gnu/libpcap.so 
CMakeFiles/cmTC_d56e9.dir/CheckFunctionExists.c.o: In function `main':
CheckFunctionExists.c:(.text+0x10): undefined reference to `pcap_open'
collect2: error: ld returned 1 exit status
CMakeFiles/cmTC_d56e9.dir/build.make:98: recipe for target 'cmTC_d56e9' failed
make[1]: *** [cmTC_d56e9] Error 1
make[1]: Leaving directory '/home/al/kdd99_feature_extractor/build-files/CMakeFiles/CMakeTmp'
Makefile:126: recipe for target 'cmTC_d56e9/fast' failed
make: *** [cmTC_d56e9/fast] Error 2


